[2023-08-16 03:03:10] local.ERROR: SQLSTATE[28000] [1045] Access denied for user 'root'@'localhost' (using password: NO) (Connection: mysql, SQL: select * from information_schema.tables where table_schema = ayurvedav2 and table_name = system_information and table_type = 'BASE TABLE') {"exception":"[object] (Illuminate\\Database\\QueryException(code: 1045): SQLSTATE[28000] [1045] Access denied for user 'root'@'localhost' (using password: NO) (Connection: mysql, SQL: select * from information_schema.tables where table_schema = ayurvedav2 and table_name = system_information and table_type = 'BASE TABLE') at /home/nirrtjiu/ayurveda.resnova.dev/vendor/laravel/framework/src/Illuminate/Database/Connection.php:795)
[stacktrace]
#0 /home/nirrtjiu/ayurveda.resnova.dev/vendor/laravel/framework/src/Illuminate/Database/Connection.php(755): Illuminate\\Database\\Connection->runQueryCallback()
#1 /home/nirrtjiu/ayurveda.resnova.dev/vendor/laravel/framework/src/Illuminate/Database/Connection.php(424): Illuminate\\Database\\Connection->run()
#2 /home/nirrtjiu/ayurveda.resnova.dev/vendor/laravel/framework/src/Illuminate/Database/Connection.php(394): Illuminate\\Database\\Connection->select()
#3 /home/nirrtjiu/ayurveda.resnova.dev/vendor/laravel/framework/src/Illuminate/Database/Schema/MySqlBuilder.php(44): Illuminate\\Database\\Connection->selectFromWriteConnection()
#4 /home/nirrtjiu/ayurveda.resnova.dev/vendor/laravel/framework/src/Illuminate/Support/Facades/Facade.php(353): Illuminate\\Database\\Schema\\MySqlBuilder->hasTable()
#5 /home/nirrtjiu/ayurveda.resnova.dev/app/Providers/AppServiceProvider.php(22): Illuminate\\Support\\Facades\\Facade::__callStatic()
#6 /home/nirrtjiu/ayurveda.resnova.dev/vendor/laravel/framework/src/Illuminate/Container/BoundMethod.php(36): App\\Providers\\AppServiceProvider->boot()
#7 /home/nirrtjiu/ayurveda.resnova.dev/vendor/laravel/framework/src/Illuminate/Container/Util.php(41): Illuminate\\Container\\BoundMethod::Illuminate\\Container\\{closure}()
#8 /home/nirrtjiu/ayurveda.resnova.dev/vendor/laravel/framework/src/Illuminate/Container/BoundMethod.php(93): Illuminate\\Container\\Util::unwrapIfClosure()
#9 /home/nirrtjiu/ayurveda.resnova.dev/vendor/laravel/framework/src/Illuminate/Container/BoundMethod.php(37): Illuminate\\Container\\BoundMethod::callBoundMethod()
#10 /home/nirrtjiu/ayurveda.resnova.dev/vendor/laravel/framework/src/Illuminate/Container/Container.php(662): Illuminate\\Container\\BoundMethod::call()
#11 /home/nirrtjiu/ayurveda.resnova.dev/vendor/laravel/framework/src/Illuminate/Foundation/Application.php(1006): Illuminate\\Container\\Container->call()
#12 /home/nirrtjiu/ayurveda.resnova.dev/vendor/laravel/framework/src/Illuminate/Foundation/Application.php(987): Illuminate\\Foundation\\Application->bootProvider()
#13 [internal function]: Illuminate\\Foundation\\Application->Illuminate\\Foundation\\{closure}()
#14 /home/nirrtjiu/ayurveda.resnova.dev/vendor/laravel/framework/src/Illuminate/Foundation/Application.php(988): array_walk()
#15 /home/nirrtjiu/ayurveda.resnova.dev/vendor/laravel/framework/src/Illuminate/Foundation/Bootstrap/BootProviders.php(17): Illuminate\\Foundation\\Application->boot()
#16 /home/nirrtjiu/ayurveda.resnova.dev/vendor/laravel/framework/src/Illuminate/Foundation/Application.php(261): Illuminate\\Foundation\\Bootstrap\\BootProviders->bootstrap()
#17 /home/nirrtjiu/ayurveda.resnova.dev/vendor/laravel/framework/src/Illuminate/Foundation/Http/Kernel.php(186): Illuminate\\Foundation\\Application->bootstrapWith()
#18 /home/nirrtjiu/ayurveda.resnova.dev/vendor/laravel/framework/src/Illuminate/Foundation/Http/Kernel.php(170): Illuminate\\Foundation\\Http\\Kernel->bootstrap()
#19 /home/nirrtjiu/ayurveda.resnova.dev/vendor/laravel/framework/src/Illuminate/Foundation/Http/Kernel.php(144): Illuminate\\Foundation\\Http\\Kernel->sendRequestThroughRouter()
#20 /home/nirrtjiu/ayurveda.resnova.dev/index.php(52): Illuminate\\Foundation\\Http\\Kernel->handle()
#21 {main}

[previous exception] [object] (PDOException(code: 1045): SQLSTATE[28000] [1045] Access denied for user 'root'@'localhost' (using password: NO) at /home/nirrtjiu/ayurveda.resnova.dev/vendor/laravel/framework/src/Illuminate/Database/Connectors/Connector.php:65)
[stacktrace]
#0 /home/nirrtjiu/ayurveda.resnova.dev/vendor/laravel/framework/src/Illuminate/Database/Connectors/Connector.php(65): PDO->__construct()
#1 /home/nirrtjiu/ayurveda.resnova.dev/vendor/laravel/framework/src/Illuminate/Database/Connectors/Connector.php(45): Illuminate\\Database\\Connectors\\Connector->createPdoConnection()
#2 /home/nirrtjiu/ayurveda.resnova.dev/vendor/laravel/framework/src/Illuminate/Database/Connectors/MySqlConnector.php(24): Illuminate\\Database\\Connectors\\Connector->createConnection()
#3 /home/nirrtjiu/ayurveda.resnova.dev/vendor/laravel/framework/src/Illuminate/Database/Connectors/ConnectionFactory.php(184): Illuminate\\Database\\Connectors\\MySqlConnector->connect()
#4 [internal function]: Illuminate\\Database\\Connectors\\ConnectionFactory->Illuminate\\Database\\Connectors\\{closure}()
#5 /home/nirrtjiu/ayurveda.resnova.dev/vendor/laravel/framework/src/Illuminate/Database/Connection.php(1275): call_user_func()
#6 /home/nirrtjiu/ayurveda.resnova.dev/vendor/laravel/framework/src/Illuminate/Database/Connection.php(521): Illuminate\\Database\\Connection->getPdo()
#7 /home/nirrtjiu/ayurveda.resnova.dev/vendor/laravel/framework/src/Illuminate/Database/Connection.php(416): Illuminate\\Database\\Connection->getPdoForSelect()
#8 /home/nirrtjiu/ayurveda.resnova.dev/vendor/laravel/framework/src/Illuminate/Database/Connection.php(788): Illuminate\\Database\\Connection->Illuminate\\Database\\{closure}()
#9 /home/nirrtjiu/ayurveda.resnova.dev/vendor/laravel/framework/src/Illuminate/Database/Connection.php(755): Illuminate\\Database\\Connection->runQueryCallback()
#10 /home/nirrtjiu/ayurveda.resnova.dev/vendor/laravel/framework/src/Illuminate/Database/Connection.php(424): Illuminate\\Database\\Connection->run()
#11 /home/nirrtjiu/ayurveda.resnova.dev/vendor/laravel/framework/src/Illuminate/Database/Connection.php(394): Illuminate\\Database\\Connection->select()
#12 /home/nirrtjiu/ayurveda.resnova.dev/vendor/laravel/framework/src/Illuminate/Database/Schema/MySqlBuilder.php(44): Illuminate\\Database\\Connection->selectFromWriteConnection()
#13 /home/nirrtjiu/ayurveda.resnova.dev/vendor/laravel/framework/src/Illuminate/Support/Facades/Facade.php(353): Illuminate\\Database\\Schema\\MySqlBuilder->hasTable()
#14 /home/nirrtjiu/ayurveda.resnova.dev/app/Providers/AppServiceProvider.php(22): Illuminate\\Support\\Facades\\Facade::__callStatic()
#15 /home/nirrtjiu/ayurveda.resnova.dev/vendor/laravel/framework/src/Illuminate/Container/BoundMethod.php(36): App\\Providers\\AppServiceProvider->boot()
#16 /home/nirrtjiu/ayurveda.resnova.dev/vendor/laravel/framework/src/Illuminate/Container/Util.php(41): Illuminate\\Container\\BoundMethod::Illuminate\\Container\\{closure}()
#17 /home/nirrtjiu/ayurveda.resnova.dev/vendor/laravel/framework/src/Illuminate/Container/BoundMethod.php(93): Illuminate\\Container\\Util::unwrapIfClosure()
#18 /home/nirrtjiu/ayurveda.resnova.dev/vendor/laravel/framework/src/Illuminate/Container/BoundMethod.php(37): Illuminate\\Container\\BoundMethod::callBoundMethod()
#19 /home/nirrtjiu/ayurveda.resnova.dev/vendor/laravel/framework/src/Illuminate/Container/Container.php(662): Illuminate\\Container\\BoundMethod::call()
#20 /home/nirrtjiu/ayurveda.resnova.dev/vendor/laravel/framework/src/Illuminate/Foundation/Application.php(1006): Illuminate\\Container\\Container->call()
#21 /home/nirrtjiu/ayurveda.resnova.dev/vendor/laravel/framework/src/Illuminate/Foundation/Application.php(987): Illuminate\\Foundation\\Application->bootProvider()
#22 [internal function]: Illuminate\\Foundation\\Application->Illuminate\\Foundation\\{closure}()
#23 /home/nirrtjiu/ayurveda.resnova.dev/vendor/laravel/framework/src/Illuminate/Foundation/Application.php(988): array_walk()
#24 /home/nirrtjiu/ayurveda.resnova.dev/vendor/laravel/framework/src/Illuminate/Foundation/Bootstrap/BootProviders.php(17): Illuminate\\Foundation\\Application->boot()
#25 /home/nirrtjiu/ayurveda.resnova.dev/vendor/laravel/framework/src/Illuminate/Foundation/Application.php(261): Illuminate\\Foundation\\Bootstrap\\BootProviders->bootstrap()
#26 /home/nirrtjiu/ayurveda.resnova.dev/vendor/laravel/framework/src/Illuminate/Foundation/Http/Kernel.php(186): Illuminate\\Foundation\\Application->bootstrapWith()
#27 /home/nirrtjiu/ayurveda.resnova.dev/vendor/laravel/framework/src/Illuminate/Foundation/Http/Kernel.php(170): Illuminate\\Foundation\\Http\\Kernel->bootstrap()
#28 /home/nirrtjiu/ayurveda.resnova.dev/vendor/laravel/framework/src/Illuminate/Foundation/Http/Kernel.php(144): Illuminate\\Foundation\\Http\\Kernel->sendRequestThroughRouter()
#29 /home/nirrtjiu/ayurveda.resnova.dev/index.php(52): Illuminate\\Foundation\\Http\\Kernel->handle()
#30 {main}
"} 
